[1798743.622]  -> wl_display@1.get_registry(new id wl_registry@2)
[1798743.665]  -> wl_display@1.sync(new id wl_callback@3)
[1798743.934] wl_display@1.delete_id(3)
[1798743.966] wl_registry@2.global(1, "wl_compositor", 4)
[1798743.974]  -> wl_registry@2.bind(1, "wl_compositor", 3, new id [unknown]@4)
[1798744.011] wl_registry@2.global(2, "xdg_wm_base", 1)
[1798744.048]  -> wl_registry@2.bind(2, "xdg_wm_base", 1, new id [unknown]@5)
[1798744.062] wl_registry@2.global(3, "wl_shm", 1)
[1798744.099]  -> wl_registry@2.bind(3, "wl_shm", 1, new id [unknown]@6)
[1798744.139] wl_callback@3.done(0)
[1798744.201]  -> wl_shm@6.create_pool(new id wl_shm_pool@3, fd 6, 4096)
[1798744.445]  -> wl_shm_pool@3.resize(12288)
[1798744.538]  -> wl_shm_pool@3.resize(28672)
[1798744.686]  -> wl_shm_pool@3.resize(61440)
[1798744.938]  -> wl_shm_pool@3.resize(126976)
[1798747.149]  -> wl_shm_pool@3.resize(258048)
[1798747.358]  -> wl_shm_pool@3.resize(520192)
[1798749.871]  -> wl_shm_pool@3.resize(1044480)
[1798756.447]  -> wl_shm_pool@3.resize(2093056)
[1798782.173]  -> wl_compositor@4.create_surface(new id wl_surface@7)
[1798782.245]  -> xdg_wm_base@5.get_xdg_surface(new id xdg_surface@8, wl_surface@7)
[1798782.290]  -> xdg_surface@8.get_toplevel(new id xdg_toplevel@9)
[1798782.297]  -> wl_surface@7.commit()
[1798782.304]  -> xdg_toplevel@9.set_title("Flower")
[1798782.307]  -> xdg_toplevel@9.set_app_id("org.freedesktop.weston.flower")
[1798783.032] xdg_surface@8.configure(1)
[1798783.060]  -> xdg_surface@8.ack_configure(1)
[1798783.064]  -> wl_compositor@4.create_region(new id wl_region@10)
[1798783.142]  -> wl_shm@6.create_pool(new id wl_shm_pool@11, fd 7, 160000)
[1798783.176]  -> wl_shm_pool@11.create_buffer(new id wl_buffer@12, 0, 200, 200, 800, 0)
[1798783.216]  -> wl_surface@7.frame(new id wl_callback@13)
[1798783.752]  -> xdg_surface@8.set_window_geometry(0, 0, 200, 200)
[1798783.785]  -> wl_surface@7.set_opaque_region(wl_region@10)
[1798783.814]  -> wl_region@10.destroy()
[1798783.844]  -> wl_surface@7.attach(wl_buffer@12, 0, 0)
[1798783.858]  -> wl_surface@7.damage(0, 0, 200, 200)
[1798783.904]  -> wl_surface@7.commit()
[1798784.528] wl_display@1.delete_id(13)
[1798784.558] wl_buffer@12.release()
[1798784.560] wl_callback@13.done(2952441316)
[1798784.563] xdg_surface@8.configure(2)
[1798784.565]  -> xdg_surface@8.ack_configure(2)
