1798743.729] wl_display@1.get_registry(new id wl_registry@2)
[1798743.817]  -> wl_registry@2.global(1, "wl_compositor", 4)
[1798743.825]  -> wl_registry@2.global(2, "xdg_wm_base", 1)
[1798743.859]  -> wl_registry@2.global(3, "wl_shm", 1)
[1798743.867] wl_display@1.sync(new id wl_callback@3)
[1798743.870]  -> wl_callback@3.done(0)
[1798743.878]  -> wl_display@1.delete_id(3)
[1798782.411] wl_registry@2.bind(1, "wl_compositor", 3, new id [unknown]@4)
[1798782.462] wl_registry@2.bind(2, "xdg_wm_base", 1, new id [unknown]@5)
[1798782.500] wl_registry@2.bind(3, "wl_shm", 1, new id [unknown]@6)
[1798782.533]  -> wl_shm@6.format(0)
[1798782.581]  -> wl_shm@6.format(1)
[1798782.585] wl_shm@6.create_pool(new id wl_shm_pool@3, fd 11, 4096)
[1798782.654] wl_shm_pool@3.resize(12288)
[1798782.690] wl_shm_pool@3.resize(28672)
[1798782.720] wl_shm_pool@3.resize(61440)
[1798782.771] wl_shm_pool@3.resize(126976)
[1798782.799] wl_shm_pool@3.resize(258048)
[1798782.831] wl_shm_pool@3.resize(520192)
[1798782.837] wl_shm_pool@3.resize(1044480)
[1798782.864] wl_shm_pool@3.resize(2093056)
[1798782.870] wl_compositor@4.create_surface(new id wl_surface@7)
[1798782.905] xdg_wm_base@5.get_xdg_surface(new id xdg_surface@8, wl_surface@7)
[1798782.935] xdg_surface@8.get_toplevel(new id xdg_toplevel@9)
[1798782.938] wl_surface@7.commit()
[1798782.943]  -> xdg_surface@8.configure(1)
[1798782.972] xdg_toplevel@9.set_title("Flower")
[1798782.976] xdg_toplevel@9.set_app_id("org.freedesktop.weston.flower")
[1798784.003] xdg_surface@8.ack_configure(1)
[1798784.060] wl_compositor@4.create_region(new id wl_region@10)
[1798784.068] wl_shm@6.create_pool(new id wl_shm_pool@11, fd 12, 160000)
[1798784.124] wl_shm_pool@11.create_buffer(new id wl_buffer@12, 0, 200, 200, 800, 0)
[1798784.163] wl_surface@7.frame(new id wl_callback@13)
[1798784.169] xdg_surface@8.set_window_geometry(0, 0, 200, 200)
[1798784.229] wl_surface@7.set_opaque_region(wl_region@10)
[1798784.284] wl_region@10.destroy()
[1798784.288] wl_surface@7.attach(wl_buffer@12, 0, 0)
[1798784.298] wl_surface@7.damage(0, 0, 200, 200)
[1798784.332] wl_surface@7.commit()
Reading data [200 x 200] 160000 bytes (format: 0)
[1798784.414]  -> wl_buffer@12.release()
[1798784.425]  -> wl_callback@13.done(2952441316)
[1798784.465]  -> wl_display@1.delete_id(13)
[1798784.473]  -> xdg_surface@8.configure(2)
[1798784.614] xdg_surface@8.ack_configure(2)
